0 info it worked if it ends with ok
1 verbose cli [ '/usr/local/bin/node', '/usr/local/bin/npm', 'run', 'server' ]
2 info using npm@3.10.9
3 info using node@v6.9.2
4 verbose run-script [ 'preserver', 'server', 'postserver' ]
5 info lifecycle force-directed@1.0.0~preserver: force-directed@1.0.0
6 silly lifecycle force-directed@1.0.0~preserver: no script for preserver, continuing
7 info lifecycle force-directed@1.0.0~server: force-directed@1.0.0
8 verbose lifecycle force-directed@1.0.0~server: unsafe-perm in lifecycle true
9 verbose lifecycle force-directed@1.0.0~server: PATH: /usr/local/lib/node_modules/npm/bin/node-gyp-bin:/Users/paa/Dropbox/Work/6. proj/2016/digital profile/digital-profile.github.io-master/node_modules/.bin:/Users/paa/local/bin:/usr/local/bin:/usr/bin:/bin:/usr/sbin:/sbin
10 verbose lifecycle force-directed@1.0.0~server: CWD: /Users/paa/Dropbox/Work/6. proj/2016/digital profile/digital-profile.github.io-master
11 silly lifecycle force-directed@1.0.0~server: Args: [ '-c', 'http-server' ]
12 silly lifecycle force-directed@1.0.0~server: Returned: code: 1  signal: null
13 info lifecycle force-directed@1.0.0~server: Failed to exec server script
14 verbose stack Error: force-directed@1.0.0 server: `http-server`
14 verbose stack Exit status 1
14 verbose stack     at EventEmitter.<anonymous> (/usr/local/lib/node_modules/npm/lib/utils/lifecycle.js:255:16)
14 verbose stack     at emitTwo (events.js:106:13)
14 verbose stack     at EventEmitter.emit (events.js:191:7)
14 verbose stack     at ChildProcess.<anonymous> (/usr/local/lib/node_modules/npm/lib/utils/spawn.js:40:14)
14 verbose stack     at emitTwo (events.js:106:13)
14 verbose stack     at ChildProcess.emit (events.js:191:7)
14 verbose stack     at maybeClose (internal/child_process.js:877:16)
14 verbose stack     at Process.ChildProcess._handle.onexit (internal/child_process.js:226:5)
15 verbose pkgid force-directed@1.0.0
16 verbose cwd /Users/paa/Dropbox/Work/6. proj/2016/digital profile/digital-profile.github.io-master
17 error Darwin 16.1.0
18 error argv "/usr/local/bin/node" "/usr/local/bin/npm" "run" "server"
19 error node v6.9.2
20 error npm  v3.10.9
21 error code ELIFECYCLE
22 error force-directed@1.0.0 server: `http-server`
22 error Exit status 1
23 error Failed at the force-directed@1.0.0 server script 'http-server'.
23 error Make sure you have the latest version of node.js and npm installed.
23 error If you do, this is most likely a problem with the force-directed package,
23 error not with npm itself.
23 error Tell the author that this fails on your system:
23 error     http-server
23 error You can get information on how to open an issue for this project with:
23 error     npm bugs force-directed
23 error Or if that isn't available, you can get their info via:
23 error     npm owner ls force-directed
23 error There is likely additional logging output above.
24 verbose exit [ 1, true ]
